nohup: ignoring input
✅ 可读取: /netdisk/zhukejian/implicit_video_anonotations/3_2_downloads/Narcisse.mp4
✅ 可读取: /netdisk/zhukejian/implicit_video_anonotations/3_2_downloads/Falling - Underwater dance.mp4
✅ 可读取: /netdisk/zhukejian/implicit_video_anonotations/3_2_downloads/볼링공 실험.mp4
✅ 可读取: /netdisk/zhukejian/implicit_video_anonotations/3_2_downloads/“RESCUE”.mp4
✅ 可读取: /netdisk/zhukejian/implicit_video_anonotations/3_2_downloads/升级版的弹力.mp4
✅ 可读取: /netdisk/zhukejian/implicit_video_anonotations/3_2_downloads/iPhone or Android or Nokia？.mp4
✅ 可读取: /netdisk/zhukejian/implicit_video_anonotations/3_2_downloads/Abandoned Lego Tank Space.mp4
✅ 可读取: /netdisk/zhukejian/implicit_video_anonotations/3_2_downloads/Hope - Paris Cavanagh - Elite Company 2023.mp4
✅ 可读取: /netdisk/zhukejian/implicit_video_anonotations/3_2_downloads/PAINTED.mp4
✅ 可读取: /netdisk/zhukejian/implicit_video_anonotations/3_2_downloads/Classical Chinese dance 'Once Upon a Time in Luoyang' by Tang Shiyi.mp4
✅ 可读取: /netdisk/zhukejian/implicit_video_anonotations/3_2_downloads/The Old Me Is Still Me.mp4
✅ 可读取: /netdisk/zhukejian/implicit_video_anonotations/3_2_downloads/“RESCUE” - Lauren Daigle ｜ Dance choreography by Federico Milan.mp4
✅ 可读取: /netdisk/zhukejian/implicit_video_anonotations/3_2_downloads/Let’s Play REAL or CAKE!.mp4
✅ 可读取: /netdisk/zhukejian/implicit_video_anonotations/3_2_downloads/Heal.mp4
✅ 转码成功: /netdisk/zhukejian/implicit_video_anonotations/3_2_downloads/When you play games.mp4
✅ 可读取: /netdisk/zhukejian/implicit_video_anonotations/3_2_downloads/baling.mp4
✅ 可读取: /netdisk/zhukejian/implicit_video_anonotations/3_2_downloads/Swan Lake 2018 - Dance of the Cygnets.mp4
✅ 可读取: /netdisk/zhukejian/implicit_video_anonotations/3_2_downloads/Talent! What song should we remix with this.mp4
✅ 可读取: /netdisk/zhukejian/implicit_video_anonotations/3_2_downloads/Hurt - Christina Aguilera Choreography.mp4
✅ 可读取: /netdisk/zhukejian/implicit_video_anonotations/3_2_downloads/Hasta la vista.mp4
✅ 可读取: /netdisk/zhukejian/implicit_video_anonotations/3_2_downloads/CHIPS over the years.mp4
✅ 可读取: /netdisk/zhukejian/implicit_video_anonotations/3_2_downloads/MORNING ALARMS.mp4
✅ 可读取: /netdisk/zhukejian/implicit_video_anonotations/3_2_downloads/United in Grief - Paris Cavanagh - Senior Contemporary 2023.mp4
✅ 转码成功: /netdisk/zhukejian/implicit_video_anonotations/3_2_downloads/Seven Billion Dreams. One Planet. Consume with Care..mp4
✅ 可读取: /netdisk/zhukejian/implicit_video_anonotations/3_2_downloads/Drop of life.mp4
✅ 可读取: /netdisk/zhukejian/implicit_video_anonotations/3_2_downloads/＂Greed＂ ｜ a STORY Told Through DANCE.mp4
✅ 可读取: /netdisk/zhukejian/implicit_video_anonotations/3_2_downloads/Unstoppable Funny Version (Animation Meme) #shorts.mp4
✅ 可读取: /netdisk/zhukejian/implicit_video_anonotations/3_2_downloads/Most Satisfying Tom & Jerry Sounds.mp4
✅ 可读取: /netdisk/zhukejian/implicit_video_anonotations/3_2_downloads/Drop of life - art aquavideo.mp4
✅ 可读取: /netdisk/zhukejian/implicit_video_anonotations/3_2_downloads/Happy Valentine's Day.mp4
✅ 可读取: /netdisk/zhukejian/implicit_video_anonotations/3_2_downloads/50 YEAR Sculpture Gets Revealed.mp4
✅ 转码成功: /netdisk/zhukejian/implicit_video_anonotations/3_2_downloads/출저： 탬플릿 Cinnamoroll 님화장하는 나의 엄마와 어린이 나의 차이점ㅋㅋㅋㅋ 피부는 속일 수 없는건가....mp4
✅ 可读取: /netdisk/zhukejian/implicit_video_anonotations/3_2_downloads/Seven Billion Dreams.mp4
✅ 可读取: /netdisk/zhukejian/implicit_video_anonotations/3_2_downloads/Stages of Grief- AVANTGARDE SHOW 2023.mp4
✅ 转码成功: /netdisk/zhukejian/implicit_video_anonotations/3_2_downloads/Yang Liping - The Soul of Peacock - Peacock Dance - Traditional Dance.mp4
✅ 转码成功: /netdisk/zhukejian/implicit_video_anonotations/3_2_downloads/So this is how loading bars actually work ver 3.mp4
✅ 转码成功: /netdisk/zhukejian/implicit_video_anonotations/3_2_downloads/PAINTED123.mp4
✅ 转码成功: /netdisk/zhukejian/implicit_video_anonotations/3_2_downloads/This is a scary world. #thatlittlepuff #puffknowsbetter #abitofcat #shorts.mp4
✅ 转码成功: /netdisk/zhukejian/implicit_video_anonotations/3_2_downloads/Satisfying and Relaxing Kinetic Sand ASMR shorts.mp4
✅ 转码成功: /netdisk/zhukejian/implicit_video_anonotations/3_2_downloads/Rat dance with falling body parts.mp4
✅ 转码成功: /netdisk/zhukejian/implicit_video_anonotations/3_2_downloads/Hasta.mp4
✅ 转码成功: /netdisk/zhukejian/implicit_video_anonotations/3_2_downloads/Oxygen - Breakin Convention London Sadler’s Wells 2022.mp4
✅ 转码成功: /netdisk/zhukejian/implicit_video_anonotations/3_2_downloads/Fix You.mp4
