nohup: ignoring input
Detected kernel version 5.4.0, which is below the recommended minimum of 5.5.0; this can cause the process to hang. It is recommended to upgrade the kernel to the minimum version or higher.
2025-05-11 08:39:59.175 | INFO     | utils.video_utils:prepare_model:193 - Using single device: cuda:0
2025-05-11 08:39:59.175 | INFO     | utils.video_utils:prepare_model:203 - GPT activated. API_URL: http://210.75.240.156:52578/v1/chat/completions. MODEL_VERSION: InternVL3-8B
2025-05-11 08:40:47.792 | DEBUG    | utils.video_utils:generate:326 - <Response [200]>
2025-05-11 08:41:28.483 | DEBUG    | utils.video_utils:generate:326 - <Response [200]>
2025-05-11 08:41:51.248 | DEBUG    | utils.video_utils:generate:326 - <Response [200]>
2025-05-11 08:42:08.883 | DEBUG    | utils.video_utils:generate:326 - <Response [200]>
2025-05-11 08:42:32.940 | DEBUG    | utils.video_utils:generate:326 - <Response [200]>
2025-05-11 08:42:52.283 | DEBUG    | utils.video_utils:generate:326 - <Response [200]>
2025-05-11 08:43:11.631 | DEBUG    | utils.video_utils:generate:326 - <Response [200]>
2025-05-11 08:43:35.967 | DEBUG    | utils.video_utils:generate:326 - <Response [200]>
2025-05-11 08:44:05.017 | DEBUG    | utils.video_utils:generate:326 - <Response [200]>
2025-05-11 08:44:30.908 | DEBUG    | utils.video_utils:generate:326 - <Response [200]>
2025-05-11 08:44:56.916 | DEBUG    | utils.video_utils:generate:326 - <Response [200]>
2025-05-11 08:45:23.493 | DEBUG    | utils.video_utils:generate:326 - <Response [200]>
2025-05-11 08:45:45.516 | DEBUG    | utils.video_utils:generate:326 - <Response [200]>
2025-05-11 08:46:04.101 | DEBUG    | utils.video_utils:generate:326 - <Response [200]>
2025-05-11 08:46:22.429 | DEBUG    | utils.video_utils:generate:326 - <Response [200]>
2025-05-11 08:46:41.128 | DEBUG    | utils.video_utils:generate:326 - <Response [200]>
2025-05-11 08:46:59.762 | DEBUG    | utils.video_utils:generate:326 - <Response [200]>
2025-05-11 08:47:20.713 | DEBUG    | utils.video_utils:generate:326 - <Response [200]>
2025-05-11 08:47:35.119 | DEBUG    | utils.video_utils:generate:326 - <Response [200]>
2025-05-11 08:47:51.972 | DEBUG    | utils.video_utils:generate:326 - <Response [200]>
2025-05-11 08:48:09.338 | DEBUG    | utils.video_utils:generate:326 - <Response [200]>
2025-05-11 08:48:24.860 | DEBUG    | utils.video_utils:generate:326 - <Response [200]>
2025-05-11 08:48:45.224 | DEBUG    | utils.video_utils:generate:326 - <Response [200]>
2025-05-11 08:49:03.272 | DEBUG    | utils.video_utils:generate:326 - <Response [200]>
2025-05-11 08:49:22.284 | DEBUG    | utils.video_utils:generate:326 - <Response [200]>
2025-05-11 08:49:40.087 | DEBUG    | utils.video_utils:generate:326 - <Response [200]>
2025-05-11 08:49:58.336 | DEBUG    | utils.video_utils:generate:326 - <Response [200]>
2025-05-11 08:50:15.187 | DEBUG    | utils.video_utils:generate:326 - <Response [200]>
2025-05-11 08:50:30.129 | DEBUG    | utils.video_utils:generate:326 - <Response [200]>
2025-05-11 08:50:44.297 | DEBUG    | utils.video_utils:generate:326 - <Response [200]>
2025-05-11 08:50:59.814 | DEBUG    | utils.video_utils:generate:326 - <Response [200]>
2025-05-11 08:51:15.150 | DEBUG    | utils.video_utils:generate:326 - <Response [200]>
2025-05-11 08:51:32.655 | DEBUG    | utils.video_utils:generate:326 - <Response [200]>
2025-05-11 08:51:48.158 | DEBUG    | utils.video_utils:generate:326 - <Response [200]>
2025-05-11 08:52:02.553 | DEBUG    | utils.video_utils:generate:326 - <Response [200]>
2025-05-11 08:52:19.275 | DEBUG    | utils.video_utils:generate:326 - <Response [200]>
2025-05-11 08:52:35.157 | DEBUG    | utils.video_utils:generate:326 - <Response [200]>
2025-05-11 08:53:19.271 | DEBUG    | utils.video_utils:generate:326 - <Response [200]>
2025-05-11 08:53:59.293 | DEBUG    | utils.video_utils:generate:326 - <Response [200]>
2025-05-11 08:54:40.036 | DEBUG    | utils.video_utils:generate:326 - <Response [200]>
2025-05-11 08:55:19.011 | DEBUG    | utils.video_utils:generate:326 - <Response [200]>
2025-05-11 08:56:00.848 | DEBUG    | utils.video_utils:generate:326 - <Response [200]>
2025-05-11 08:56:41.528 | DEBUG    | utils.video_utils:generate:326 - <Response [200]>
2025-05-11 08:57:19.883 | DEBUG    | utils.video_utils:generate:326 - <Response [200]>
2025-05-11 08:57:55.107 | DEBUG    | utils.video_utils:generate:326 - <Response [200]>
2025-05-11 08:58:30.837 | DEBUG    | utils.video_utils:generate:326 - <Response [200]>
2025-05-11 08:58:31.307 | INFO     | __main__:<module>:181 - Successfully wrote 1250 results to /netdisk/zhukejian/implicit_video_anonotations/results/InternVL3-8B_on_MMR_V.json!
2025-05-11 08:58:31.307 | INFO     | __main__:<module>:182 - Finished Running!
Hello World
Read data from /netdisk/zhukejian/implicit_video_anonotations/MMR-V - split.json
Load 1257 samples for MMR-V.
Continue eval from file /netdisk/zhukejian/implicit_video_anonotations/results/InternVL3-8B_on_MMR_V.json
Load 1204 results...
******** idx=1062 **********
Based on the video, the comment that is likely to make people laugh is the one that references the man being in the water and possibly interacting in an unexpected way.

The best answer is: 
[[A]]
Extracted answer: A
******** idx=1063 **********
[[D]]
Extracted answer: D
******** idx=1064 **********
[[F]]
Extracted answer: F
******** idx=1065 **********
[[I]]
Extracted answer: I
******** idx=1066 **********
[[H]]
Extracted answer: H
******** idx=1067 **********
[[C]]
Extracted answer: C
******** idx=1068 **********
[[J]]
Extracted answer: J
******** idx=1147 **********
Based on the series of images depicting interactions between the man and the child, the most appropriate philosophical message that can be drawn from these interactions is that there is a sense of guidance and mutual growth. The scenes convey moments where the child appears to be learning and being directed by the man, possibly symbolizing a transfer of knowledge or encouragement.

[[G]]
Extracted answer: G
******** idx=1148 **********
[[I]]
Extracted answer: I
******** idx=1149 **********
[[I]]
Extracted answer: I
******** idx=1150 **********
[[E]]
Extracted answer: E
******** idx=1151 **********
[[B]]
Extracted answer: B
******** idx=1152 **********
[[C]]
Extracted answer: C
******** idx=1153 **********
[[G]]
Extracted answer: G
******** idx=1154 **********
[[G]]
Extracted answer: G
******** idx=1155 **********
[[C]]
Extracted answer: C
******** idx=1156 **********
[[B]]
Extracted answer: B
******** idx=1157 **********
[[H]]
Extracted answer: H
******** idx=1158 **********
[[I]]
Extracted answer: I
******** idx=1159 **********
[[I]]
Extracted answer: I
******** idx=1160 **********
[[A]]
Extracted answer: A
******** idx=1161 **********
[[J]]
Extracted answer: J
******** idx=1162 **********
[[C]]
Extracted answer: C
******** idx=1163 **********
[[C]]
Extracted answer: C
******** idx=1164 **********
[[B]]
Extracted answer: B
******** idx=1165 **********
[[B]]
Extracted answer: B
******** idx=1166 **********
[[J]]
Extracted answer: J
******** idx=1167 **********
[[B]]
Extracted answer: B
******** idx=1168 **********
[[B]]
Extracted answer: B
******** idx=1169 **********
[[G]]
Extracted answer: G
******** idx=1170 **********
[[D]]
Extracted answer: D
******** idx=1171 **********
[[I]]
Extracted answer: I
******** idx=1172 **********
[[B]]
Extracted answer: B
******** idx=1173 **********
[[G]]
Extracted answer: G
******** idx=1174 **********
[[C]]
Extracted answer: C
******** idx=1175 **********
[[C]]
Extracted answer: C
******** idx=1176 **********
[[B]]
Extracted answer: B
******** idx=1177 **********
[[B]]
Extracted answer: B
******** idx=1178 **********
[[E]]
Extracted answer: E
******** idx=1179 **********
[[H]]
Extracted answer: H
******** idx=1180 **********
[[E]]
Extracted answer: E
******** idx=1181 **********
[[C]]
Extracted answer: C
******** idx=1182 **********
[[G]]
Extracted answer: G
******** idx=1183 **********
To determine the most fitting underlying theme suggested by the character's nighttime journey through the city, let's review the sequence of events and visual cues from the video clips provided:

1. **First Image**: The character is seen inside a building, possibly waiting near an entrance, which hints at a transition or anticipation for something significant.
   - This suggests an anticipation of an important encounter or event.

2. **Second Image**: The character appears to be outdoors at night, exhibiting an emotional or engaged expression, possibly leaving or arriving at a place.
   - This conveys a sense of urgency or purpose.

3. **Third Image**: The character is adjusting earbuds or some form of communication device, which indicates preparation or readiness.
   - This implies readiness to engage in an activity that requires focus or interaction.

4. **Fourth Image**: The character is sitting in an elevator, appearing contemplative or introspective.
   - This points to a moment of reflection or decision-making.

5. **Fifth Image**: A close-up of the character, focusing on facial expressions indicating deep thought or concern.
   - This further emphasizes internal conflict or the struggle with some significant decision.

6. **Sixth Image**: The character is in a dimly lit environment, possibly the interior of a vehicle, maintaining a pensive demeanor.
   - This continues the theme of solitude and internal exploration.

These visual cues collectively depict a journey through the urban night, characterized by moments of isolation, introspection, and emotional engagement. The isolated locations and the character's contemplative state align with themes of individual search and connection amidst an urban setting.

Based on these observations:
- **Option (G)**, "The isolation within an urban setting highlights themes of loneliness and searching for connection," closely captures the essence of the journey and the character's internal state portrayed in the sequence of images.

Thus, the correct answer is:
[[G]]
Extracted answer: G
******** idx=1184 **********
[[C]]
Extracted answer: C
******** idx=1185 **********
[[C]]
Extracted answer: C
